[INFO] Scanning for projects...
[INFO]                                                                         
[INFO] ------------------------------------------------------------------------
[INFO] Building entity 1.0-SNAPSHOT
[INFO] ------------------------------------------------------------------------
Downloading: https://repo.maven.apache.org/maven2/net/minidev/json-smart/maven-metadata.xml
Downloading: https://repository.apache.org/content/repositories/snapshots/net/minidev/json-smart/maven-metadata.xml
Downloading: https://repository.apache.org/snapshots/net/minidev/json-smart/maven-metadata.xml
Downloading: https://s3-us-west-2.amazonaws.com/dynamodb-local/release/net/minidev/json-smart/maven-metadata.xml
Downloading: https://repository.jboss.org/nexus/content/groups/public/net/minidev/json-smart/maven-metadata.xml
2/2 KB   2/2 KB            Downloaded: https://repo.maven.apache.org/maven2/net/minidev/json-smart/maven-metadata.xml (2 KB at 0.1 KB/sec)
                           [INFO] 
[INFO] --- exec-maven-plugin:3.1.0:java (default-cli) @ entity ---
Loaded 136 addresses from exchanges_bnb.csv
Loaded 23 addresses from miners_bnb.txt
当前时间戳（秒）: 1750221679
SLF4J: Class path contains multiple SLF4J bindings.
SLF4J: Found binding in [jar:file:/public/home/blockchain_2/slave2/.m2/repository/org/slf4j/slf4j-reload4j/1.7.36/slf4j-reload4j-1.7.36.jar!/org/slf4j/impl/StaticLoggerBinder.class]
SLF4J: Found binding in [jar:file:/public/home/blockchain_2/slave2/.m2/repository/org/apache/logging/log4j/log4j-slf4j-impl/2.17.1/log4j-slf4j-impl-2.17.1.jar!/org/slf4j/impl/StaticLoggerBinder.class]
SLF4J: See http://www.slf4j.org/codes.html#multiple_bindings for an explanation.
SLF4J: Actual binding is of type [org.slf4j.impl.Reload4jLoggerFactory]
log4j:WARN No appenders could be found for logger (org.apache.commons.beanutils.converters.BooleanConverter).
log4j:WARN Please initialize the log4j system properly.
log4j:WARN See http://logging.apache.org/log4j/1.2/faq.html#noconfig for more info.
弱连通分量已写入文件: Tokenadd_deposit_token/24657e5420ce1dd9a3bb746552a29467c1976775.out
当前时间戳（秒）: 1750221766
弱连通分量已写入文件: Tokenadd_deposit_token/bf3d920ea57e5b968636362270a164e471219021.out
当前时间戳（秒）: 1750221766
弱连通分量已写入文件: Tokenadd_deposit_token/f5436b22ea43e740b259434c64e900897f977983.out
当前时间戳（秒）: 1750221766
弱连通分量已写入文件: Tokenadd_deposit_token/65a2ed332dd9080c1d2dd8beb5a25d8f528a05f6.out
当前时间戳（秒）: 1750221766
弱连通分量已写入文件: Tokenadd_deposit_token/57875d74e4a5846cb70d3b0e1b3978db000f8ed5.out
当前时间戳（秒）: 1750221766
弱连通分量已写入文件: Tokenadd_deposit_token/9dcbf5851d13e59622cf9c058422f3d7e4109c70.out
当前时间戳（秒）: 1750221766
弱连通分量已写入文件: Tokenadd_deposit_token/ea9dccdbc05b7a3e38e891c5446591489737b15c.out
当前时间戳（秒）: 1750280858
弱连通分量已写入文件: Tokenadd_deposit_token/7c0f77df0ad606eb41bec7eb7f3803e2568fcbd1.out
当前时间戳（秒）: 1750280858
弱连通分量已写入文件: Tokenadd_deposit_token/8ef03f0d0f53a22af1ea15ed25b84cd55dc9b39d.out
当前时间戳（秒）: 1750280858
弱连通分量已写入文件: Tokenadd_deposit_token/f963f99c8c2892e913fbd5334b5df24410ec387e.out
当前时间戳（秒）: 1750280858
[WARNING] thread Thread[Idle-Rpc-Conn-Sweeper-pool-0,5,entity.deposit_token] was interrupted but is still alive after waiting at least 14997msecs
[WARNING] thread Thread[Idle-Rpc-Conn-Sweeper-pool-0,5,entity.deposit_token] will linger despite being asked to die via interruption
[WARNING] thread Thread[RPCClient-NioEventLoopGroup-1-1,5,entity.deposit_token] will linger despite being asked to die via interruption
[WARNING] thread Thread[RpcClient-timer-pool-0,5,entity.deposit_token] will linger despite being asked to die via interruption
[WARNING] thread Thread[RPCClient-NioEventLoopGroup-1-2,5,entity.deposit_token] will linger despite being asked to die via interruption
[WARNING] thread Thread[RPCClient-NioEventLoopGroup-1-3,5,entity.deposit_token] will linger despite being asked to die via interruption
[WARNING] thread Thread[RPCClient-NioEventLoopGroup-1-4,5,entity.deposit_token] will linger despite being asked to die via interruption
[WARNING] thread Thread[RPCClient-NioEventLoopGroup-1-5,5,entity.deposit_token] will linger despite being asked to die via interruption
[WARNING] thread Thread[RPCClient-NioEventLoopGroup-1-6,5,entity.deposit_token] will linger despite being asked to die via interruption
[WARNING] thread Thread[RPCClient-NioEventLoopGroup-1-7,5,entity.deposit_token] will linger despite being asked to die via interruption
[WARNING] thread Thread[RPCClient-NioEventLoopGroup-1-8,5,entity.deposit_token] will linger despite being asked to die via interruption
[WARNING] thread Thread[RPCClient-NioEventLoopGroup-1-9,5,entity.deposit_token] will linger despite being asked to die via interruption
[WARNING] thread Thread[RPCClient-NioEventLoopGroup-1-10,5,entity.deposit_token] will linger despite being asked to die via interruption
[WARNING] thread Thread[RPCClient-NioEventLoopGroup-1-11,5,entity.deposit_token] will linger despite being asked to die via interruption
[WARNING] thread Thread[RPCClient-NioEventLoopGroup-1-12,5,entity.deposit_token] will linger despite being asked to die via interruption
[WARNING] thread Thread[RPCClient-NioEventLoopGroup-1-13,5,entity.deposit_token] will linger despite being asked to die via interruption
[WARNING] thread Thread[RPCClient-NioEventLoopGroup-1-14,5,entity.deposit_token] will linger despite being asked to die via interruption
[WARNING] thread Thread[RPCClient-NioEventLoopGroup-1-15,5,entity.deposit_token] will linger despite being asked to die via interruption
[WARNING] thread Thread[RPCClient-NioEventLoopGroup-1-16,5,entity.deposit_token] will linger despite being asked to die via interruption
[WARNING] thread Thread[RPCClient-NioEventLoopGroup-1-17,5,entity.deposit_token] will linger despite being asked to die via interruption
[WARNING] thread Thread[RPCClient-NioEventLoopGroup-1-18,5,entity.deposit_token] will linger despite being asked to die via interruption
[WARNING] thread Thread[RPCClient-NioEventLoopGroup-1-19,5,entity.deposit_token] will linger despite being asked to die via interruption
[WARNING] thread Thread[RPCClient-NioEventLoopGroup-1-20,5,entity.deposit_token] will linger despite being asked to die via interruption
[WARNING] thread Thread[RPCClient-NioEventLoopGroup-1-21,5,entity.deposit_token] will linger despite being asked to die via interruption
[WARNING] thread Thread[RPCClient-NioEventLoopGroup-1-22,5,entity.deposit_token] will linger despite being asked to die via interruption
[WARNING] thread Thread[RPCClient-NioEventLoopGroup-1-23,5,entity.deposit_token] will linger despite being asked to die via interruption
[WARNING] thread Thread[RPCClient-NioEventLoopGroup-1-24,5,entity.deposit_token] will linger despite being asked to die via interruption
[WARNING] thread Thread[RPCClient-NioEventLoopGroup-1-25,5,entity.deposit_token] will linger despite being asked to die via interruption
[WARNING] thread Thread[RPCClient-NioEventLoopGroup-1-26,5,entity.deposit_token] will linger despite being asked to die via interruption
[WARNING] thread Thread[RPCClient-NioEventLoopGroup-1-27,5,entity.deposit_token] will linger despite being asked to die via interruption
[WARNING] thread Thread[RPCClient-NioEventLoopGroup-1-28,5,entity.deposit_token] will linger despite being asked to die via interruption
[WARNING] thread Thread[RPCClient-NioEventLoopGroup-1-29,5,entity.deposit_token] will linger despite being asked to die via interruption
[WARNING] thread Thread[RPCClient-NioEventLoopGroup-1-30,5,entity.deposit_token] will linger despite being asked to die via interruption
[WARNING] thread Thread[RPCClient-NioEventLoopGroup-1-31,5,entity.deposit_token] will linger despite being asked to die via interruption
[WARNING] thread Thread[RPCClient-NioEventLoopGroup-1-32,5,entity.deposit_token] will linger despite being asked to die via interruption
[WARNING] thread Thread[RPCClient-NioEventLoopGroup-1-33,5,entity.deposit_token] will linger despite being asked to die via interruption
[WARNING] thread Thread[RPCClient-NioEventLoopGroup-1-34,5,entity.deposit_token] will linger despite being asked to die via interruption
[WARNING] thread Thread[RPCClient-NioEventLoopGroup-1-35,5,entity.deposit_token] will linger despite being asked to die via interruption
[WARNING] thread Thread[RPCClient-NioEventLoopGroup-1-36,5,entity.deposit_token] will linger despite being asked to die via interruption
[WARNING] thread Thread[RPCClient-NioEventLoopGroup-1-37,5,entity.deposit_token] will linger despite being asked to die via interruption
[WARNING] thread Thread[RPCClient-NioEventLoopGroup-1-38,5,entity.deposit_token] will linger despite being asked to die via interruption
[WARNING] thread Thread[RPCClient-NioEventLoopGroup-1-39,5,entity.deposit_token] will linger despite being asked to die via interruption
[WARNING] thread Thread[RPCClient-NioEventLoopGroup-1-40,5,entity.deposit_token] will linger despite being asked to die via interruption
[WARNING] thread Thread[RPCClient-NioEventLoopGroup-1-41,5,entity.deposit_token] will linger despite being asked to die via interruption
[WARNING] thread Thread[RPCClient-NioEventLoopGroup-1-42,5,entity.deposit_token] will linger despite being asked to die via interruption
[WARNING] thread Thread[RPCClient-NioEventLoopGroup-1-43,5,entity.deposit_token] will linger despite being asked to die via interruption
[WARNING] thread Thread[RPCClient-NioEventLoopGroup-1-44,5,entity.deposit_token] will linger despite being asked to die via interruption
[WARNING] thread Thread[RPCClient-NioEventLoopGroup-1-45,5,entity.deposit_token] will linger despite being asked to die via interruption
[WARNING] thread Thread[RPCClient-NioEventLoopGroup-1-46,5,entity.deposit_token] will linger despite being asked to die via interruption
[WARNING] thread Thread[RPCClient-NioEventLoopGroup-1-47,5,entity.deposit_token] will linger despite being asked to die via interruption
[WARNING] thread Thread[RPCClient-NioEventLoopGroup-1-48,5,entity.deposit_token] will linger despite being asked to die via interruption
[WARNING] thread Thread[RPCClient-NioEventLoopGroup-1-49,5,entity.deposit_token] will linger despite being asked to die via interruption
[WARNING] thread Thread[RPCClient-NioEventLoopGroup-1-50,5,entity.deposit_token] will linger despite being asked to die via interruption
[WARNING] thread Thread[RPCClient-NioEventLoopGroup-1-51,5,entity.deposit_token] will linger despite being asked to die via interruption
[WARNING] thread Thread[RPCClient-NioEventLoopGroup-1-52,5,entity.deposit_token] will linger despite being asked to die via interruption
[WARNING] thread Thread[RPCClient-NioEventLoopGroup-1-53,5,entity.deposit_token] will linger despite being asked to die via interruption
[WARNING] thread Thread[RPCClient-NioEventLoopGroup-1-54,5,entity.deposit_token] will linger despite being asked to die via interruption
[WARNING] thread Thread[RPCClient-NioEventLoopGroup-1-55,5,entity.deposit_token] will linger despite being asked to die via interruption
[WARNING] thread Thread[RPCClient-NioEventLoopGroup-1-56,5,entity.deposit_token] will linger despite being asked to die via interruption
[WARNING] thread Thread[RPCClient-NioEventLoopGroup-1-57,5,entity.deposit_token] will linger despite being asked to die via interruption
[WARNING] thread Thread[RPCClient-NioEventLoopGroup-1-58,5,entity.deposit_token] will linger despite being asked to die via interruption
[WARNING] thread Thread[RPCClient-NioEventLoopGroup-1-59,5,entity.deposit_token] will linger despite being asked to die via interruption
[WARNING] thread Thread[RPCClient-NioEventLoopGroup-1-60,5,entity.deposit_token] will linger despite being asked to die via interruption
[WARNING] thread Thread[RPCClient-NioEventLoopGroup-1-61,5,entity.deposit_token] will linger despite being asked to die via interruption
[WARNING] thread Thread[RPCClient-NioEventLoopGroup-1-62,5,entity.deposit_token] will linger despite being asked to die via interruption
[WARNING] thread Thread[RPCClient-NioEventLoopGroup-1-63,5,entity.deposit_token] will linger despite being asked to die via interruption
[WARNING] thread Thread[RPCClient-NioEventLoopGroup-1-64,5,entity.deposit_token] will linger despite being asked to die via interruption
[WARNING] thread Thread[ForkJoinPool.commonPool-worker-29,5,entity.deposit_token] will linger despite being asked to die via interruption
[WARNING] thread Thread[ForkJoinPool.commonPool-worker-22,5,entity.deposit_token] will linger despite being asked to die via interruption
[WARNING] thread Thread[ForkJoinPool.commonPool-worker-15,5,entity.deposit_token] will linger despite being asked to die via interruption
[WARNING] NOTE: 69 thread(s) did not finish despite being asked to via interruption. This is not a problem with exec:java, it is a problem with the running code. Although not serious, it should be remedied.
[WARNING] Couldn't destroy threadgroup org.codehaus.mojo.exec.ExecJavaMojo$IsolatedThreadGroup[name=entity.deposit_token,maxpri=10]
java.lang.IllegalThreadStateException
	at java.lang.ThreadGroup.destroy(ThreadGroup.java:778)
	at org.codehaus.mojo.exec.ExecJavaMojo.execute(ExecJavaMojo.java:319)
	at org.apache.maven.plugin.DefaultBuildPluginManager.executeMojo(DefaultBuildPluginManager.java:134)
	at org.apache.maven.lifecycle.internal.MojoExecutor.execute(MojoExecutor.java:207)
	at org.apache.maven.lifecycle.internal.MojoExecutor.execute(MojoExecutor.java:153)
	at org.apache.maven.lifecycle.internal.MojoExecutor.execute(MojoExecutor.java:145)
	at org.apache.maven.lifecycle.internal.LifecycleModuleBuilder.buildProject(LifecycleModuleBuilder.java:116)
	at org.apache.maven.lifecycle.internal.LifecycleModuleBuilder.buildProject(LifecycleModuleBuilder.java:80)
	at org.apache.maven.lifecycle.internal.builder.singlethreaded.SingleThreadedBuilder.build(SingleThreadedBuilder.java:51)
	at org.apache.maven.lifecycle.internal.LifecycleStarter.execute(LifecycleStarter.java:128)
	at org.apache.maven.DefaultMaven.doExecute(DefaultMaven.java:307)
	at org.apache.maven.DefaultMaven.doExecute(DefaultMaven.java:193)
	at org.apache.maven.DefaultMaven.execute(DefaultMaven.java:106)
	at org.apache.maven.cli.MavenCli.execute(MavenCli.java:863)
	at org.apache.maven.cli.MavenCli.doMain(MavenCli.java:288)
	at org.apache.maven.cli.MavenCli.main(MavenCli.java:199)
	at sun.reflect.NativeMethodAccessorImpl.invoke0(Native Method)
	at sun.reflect.NativeMethodAccessorImpl.invoke(NativeMethodAccessorImpl.java:62)
	at sun.reflect.DelegatingMethodAccessorImpl.invoke(DelegatingMethodAccessorImpl.java:43)
	at java.lang.reflect.Method.invoke(Method.java:498)
	at org.codehaus.plexus.classworlds.launcher.Launcher.launchEnhanced(Launcher.java:289)
	at org.codehaus.plexus.classworlds.launcher.Launcher.launch(Launcher.java:229)
	at org.codehaus.plexus.classworlds.launcher.Launcher.mainWithExitCode(Launcher.java:415)
	at org.codehaus.plexus.classworlds.launcher.Launcher.main(Launcher.java:356)
[INFO] ------------------------------------------------------------------------
[INFO] BUILD SUCCESS
[INFO] ------------------------------------------------------------------------
[INFO] Total time: 16:30 h
[INFO] Finished at: 2025-06-19T05:07:59+08:00
[INFO] Final Memory: 119M/10381M
[INFO] ------------------------------------------------------------------------
