[INFO] Scanning for projects...
[INFO]                                                                         
[INFO] ------------------------------------------------------------------------
[INFO] Building entity 1.0-SNAPSHOT
[INFO] ------------------------------------------------------------------------
Downloading: https://repository.apache.org/content/repositories/snapshots/net/minidev/json-smart/maven-metadata.xml
Downloading: https://repository.apache.org/snapshots/net/minidev/json-smart/maven-metadata.xml
Downloading: https://s3-us-west-2.amazonaws.com/dynamodb-local/release/net/minidev/json-smart/maven-metadata.xml
Downloading: https://repo.maven.apache.org/maven2/net/minidev/json-smart/maven-metadata.xml
Downloading: https://repository.jboss.org/nexus/content/groups/public/net/minidev/json-smart/maven-metadata.xml
Downloaded: https://repo.maven.apache.org/maven2/net/minidev/json-smart/maven-metadata.xml (0 B at 0.0 KB/sec)
[INFO] 
[INFO] --- exec-maven-plugin:3.1.0:java (default-cli) @ entity ---
Loaded 136 addresses from exchanges_bnb.csv
Loaded 23 addresses from miners_bnb.txt
当前时间戳（秒）: 1750221679
SLF4J: Class path contains multiple SLF4J bindings.
SLF4J: Found binding in [jar:file:/public/home/blockchain_2/slave2/.m2/repository/org/slf4j/slf4j-reload4j/1.7.36/slf4j-reload4j-1.7.36.jar!/org/slf4j/impl/StaticLoggerBinder.class]
SLF4J: Found binding in [jar:file:/public/home/blockchain_2/slave2/.m2/repository/org/apache/logging/log4j/log4j-slf4j-impl/2.17.1/log4j-slf4j-impl-2.17.1.jar!/org/slf4j/impl/StaticLoggerBinder.class]
SLF4J: See http://www.slf4j.org/codes.html#multiple_bindings for an explanation.
SLF4J: Actual binding is of type [org.slf4j.impl.Reload4jLoggerFactory]
log4j:WARN No appenders could be found for logger (org.apache.commons.beanutils.converters.BooleanConverter).
log4j:WARN Please initialize the log4j system properly.
log4j:WARN See http://logging.apache.org/log4j/1.2/faq.html#noconfig for more info.
Loaded 10 addresses from file
Processing address: 24657e5420ce1dd9a3bb746552a29467c1976775
弱连通分量已写入文件: Tokenadd_deposit/24657e5420ce1dd9a3bb746552a29467c1976775.out
当前时间戳（秒）: 1750221766
Processing address: bf3d920ea57e5b968636362270a164e471219021
弱连通分量已写入文件: Tokenadd_deposit/bf3d920ea57e5b968636362270a164e471219021.out
当前时间戳（秒）: 1750221766
Processing address: f5436b22ea43e740b259434c64e900897f977983
弱连通分量已写入文件: Tokenadd_deposit/f5436b22ea43e740b259434c64e900897f977983.out
当前时间戳（秒）: 1750323988
Processing address: 65a2ed332dd9080c1d2dd8beb5a25d8f528a05f6
弱连通分量已写入文件: Tokenadd_deposit/65a2ed332dd9080c1d2dd8beb5a25d8f528a05f6.out
当前时间戳（秒）: 1750323992
Processing address: 57875d74e4a5846cb70d3b0e1b3978db000f8ed5
弱连通分量已写入文件: Tokenadd_deposit/57875d74e4a5846cb70d3b0e1b3978db000f8ed5.out
当前时间戳（秒）: 1750323992
Processing address: 9dcbf5851d13e59622cf9c058422f3d7e4109c70
弱连通分量已写入文件: Tokenadd_deposit/9dcbf5851d13e59622cf9c058422f3d7e4109c70.out
当前时间戳（秒）: 1750323992
Processing address: ea9dccdbc05b7a3e38e891c5446591489737b15c
org.janusgraph.core.JanusGraphException: Could not execute operation due to backend exception
	at org.janusgraph.diskstorage.util.BackendOperation.execute(BackendOperation.java:54)
	at org.janusgraph.diskstorage.BackendTransaction.executeRead(BackendTransaction.java:521)
	at org.janusgraph.diskstorage.BackendTransaction.edgeStoreMultiQuery(BackendTransaction.java:300)
	at org.janusgraph.graphdb.database.StandardJanusGraph.edgeMultiQuery(StandardJanusGraph.java:568)
	at org.janusgraph.graphdb.transaction.StandardJanusGraphTx.lambda$executeMultiQuery$4(StandardJanusGraphTx.java:1252)
	at org.janusgraph.graphdb.query.profile.QueryProfiler.profile(QueryProfiler.java:113)
	at org.janusgraph.graphdb.query.profile.QueryProfiler.profile(QueryProfiler.java:105)
	at org.janusgraph.graphdb.transaction.StandardJanusGraphTx.executeMultiQuery(StandardJanusGraphTx.java:1252)
	at org.janusgraph.graphdb.query.vertex.MultiVertexCentricQueryBuilder.execute(MultiVertexCentricQueryBuilder.java:121)
	at org.janusgraph.graphdb.query.vertex.MultiVertexCentricQueryBuilder.edges(MultiVertexCentricQueryBuilder.java:172)
	at org.janusgraph.graphdb.tinkerpop.optimize.step.fetcher.VertexStepBatchFetcher.makeQueryAndExecute(VertexStepBatchFetcher.java:39)
	at org.janusgraph.graphdb.tinkerpop.optimize.step.fetcher.MultiQueriableStepBatchFetcher.prefetchNextBatch(MultiQueriableStepBatchFetcher.java:112)
	at org.janusgraph.graphdb.tinkerpop.optimize.step.fetcher.MultiQueriableStepBatchFetcher.fetchData(MultiQueriableStepBatchFetcher.java:96)
	at org.janusgraph.graphdb.tinkerpop.optimize.step.JanusGraphVertexStep.flatMap(JanusGraphVertexStep.java:117)
	at org.apache.tinkerpop.gremlin.process.traversal.step.map.FlatMapStep.processNextStart(FlatMapStep.java:49)
	at org.apache.tinkerpop.gremlin.process.traversal.step.util.AbstractStep.next(AbstractStep.java:140)
	at org.apache.tinkerpop.gremlin.process.traversal.step.util.AbstractStep.next(AbstractStep.java:40)
	at org.apache.tinkerpop.gremlin.process.traversal.Traversal.fill(Traversal.java:184)
	at org.apache.tinkerpop.gremlin.process.traversal.Traversal.toList(Traversal.java:122)
	at entity.deposit.processInitAddress(deposit.java:131)
	at entity.deposit.processAddress(deposit.java:55)
	at entity.deposit.main(deposit.java:42)
	at org.codehaus.mojo.exec.ExecJavaMojo$1.run(ExecJavaMojo.java:279)
	at java.lang.Thread.run(Thread.java:748)
Caused by: org.janusgraph.diskstorage.TemporaryBackendException: Could not successfully complete backend operation due to repeated temporary exceptions after PT8M20S
	at org.janusgraph.diskstorage.util.BackendOperation.executeDirect(BackendOperation.java:98)
	at org.janusgraph.diskstorage.util.BackendOperation.execute(BackendOperation.java:52)
	... 23 more
Caused by: org.janusgraph.diskstorage.TemporaryBackendException: Temporary failure in storage backend
	at org.janusgraph.diskstorage.hbase.HBaseKeyColumnValueStore.getHelper(HBaseKeyColumnValueStore.java:230)
	at org.janusgraph.diskstorage.hbase.HBaseKeyColumnValueStore.getSlice(HBaseKeyColumnValueStore.java:119)
	at org.janusgraph.diskstorage.keycolumnvalue.KCVSProxy.getSlice(KCVSProxy.java:87)
	at org.janusgraph.diskstorage.keycolumnvalue.cache.ExpirationKCVSCache.getSlice(ExpirationKCVSCache.java:122)
	at org.janusgraph.diskstorage.BackendTransaction$2.call(BackendTransaction.java:303)
	at org.janusgraph.diskstorage.BackendTransaction$2.call(BackendTransaction.java:300)
	at org.janusgraph.diskstorage.util.BackendOperation.executeDirect(BackendOperation.java:66)
	... 24 more
Caused by: org.apache.hadoop.hbase.client.RetriesExhaustedException: Failed after attempts=16, exceptions:
2025-06-20T13:30:05.551Z, RpcRetryingCaller{globalStartTime=2025-06-20T13:29:00.042Z, pause=100, maxAttempts=16}, org.apache.hadoop.hbase.ipc.CallTimeoutException: Call to address=node11:16020 failed on local exception: org.apache.hadoop.hbase.ipc.CallTimeoutException: Call[id=76468,methodName=Get], waitTime=61177ms, rpcTimeout=60000ms
2025-06-20T13:31:05.745Z, RpcRetryingCaller{globalStartTime=2025-06-20T13:29:00.042Z, pause=100, maxAttempts=16}, org.apache.hadoop.hbase.ipc.CallTimeoutException: Call to address=node11:16020 failed on local exception: org.apache.hadoop.hbase.ipc.CallTimeoutException: Call[id=76485,methodName=Get], waitTime=60001ms, rpcTimeout=60000ms
2025-06-20T13:32:05.955Z, RpcRetryingCaller{globalStartTime=2025-06-20T13:29:00.042Z, pause=100, maxAttempts=16}, org.apache.hadoop.hbase.ipc.CallTimeoutException: Call to address=node11:16020 failed on local exception: org.apache.hadoop.hbase.ipc.CallTimeoutException: Call[id=76502,methodName=Get], waitTime=60003ms, rpcTimeout=60000ms
2025-06-20T13:33:06.264Z, RpcRetryingCaller{globalStartTime=2025-06-20T13:29:00.042Z, pause=100, maxAttempts=16}, org.apache.hadoop.hbase.ipc.CallTimeoutException: Call to address=node11:16020 failed on local exception: org.apache.hadoop.hbase.ipc.CallTimeoutException: Call[id=76518,methodName=Get], waitTime=60004ms, rpcTimeout=60000ms
2025-06-20T13:34:06.774Z, RpcRetryingCaller{globalStartTime=2025-06-20T13:29:00.042Z, pause=100, maxAttempts=16}, org.apache.hadoop.hbase.ipc.CallTimeoutException: Call to address=node11:16020 failed on local exception: org.apache.hadoop.hbase.ipc.CallTimeoutException: Call[id=76534,methodName=Get], waitTime=60002ms, rpcTimeout=60000ms
2025-06-20T13:35:07.794Z, RpcRetryingCaller{globalStartTime=2025-06-20T13:29:00.042Z, pause=100, maxAttempts=16}, org.apache.hadoop.hbase.ipc.CallTimeoutException: Call to address=node11:16020 failed on local exception: org.apache.hadoop.hbase.ipc.CallTimeoutException: Call[id=76550,methodName=Get], waitTime=60003ms, rpcTimeout=60000ms
2025-06-20T13:36:09.947Z, RpcRetryingCaller{globalStartTime=2025-06-20T13:29:00.042Z, pause=100, maxAttempts=16}, org.apache.hadoop.hbase.ipc.CallTimeoutException: Call to address=node11:16020 failed on local exception: org.apache.hadoop.hbase.ipc.CallTimeoutException: Call[id=76566,methodName=Get], waitTime=60007ms, rpcTimeout=60000ms
2025-06-20T13:37:13.985Z, RpcRetryingCaller{globalStartTime=2025-06-20T13:29:00.042Z, pause=100, maxAttempts=16}, org.apache.hadoop.hbase.ipc.CallTimeoutException: Call to address=node11:16020 failed on local exception: org.apache.hadoop.hbase.ipc.CallTimeoutException: Call[id=76583,methodName=Get], waitTime=60010ms, rpcTimeout=60000ms
2025-06-20T13:38:24.152Z, RpcRetryingCaller{globalStartTime=2025-06-20T13:29:00.042Z, pause=100, maxAttempts=16}, org.apache.hadoop.hbase.ipc.CallTimeoutException: Call to address=node11:16020 failed on local exception: org.apache.hadoop.hbase.ipc.CallTimeoutException: Call[id=76601,methodName=Get], waitTime=60145ms, rpcTimeout=60000ms
2025-06-20T13:39:34.216Z, RpcRetryingCaller{globalStartTime=2025-06-20T13:29:00.042Z, pause=100, maxAttempts=16}, org.apache.hadoop.hbase.ipc.CallTimeoutException: Call to address=node11:16020 failed on local exception: org.apache.hadoop.hbase.ipc.CallTimeoutException: Call[id=76619,methodName=Get], waitTime=60011ms, rpcTimeout=60000ms
2025-06-20T13:40:44.265Z, RpcRetryingCaller{globalStartTime=2025-06-20T13:29:00.042Z, pause=100, maxAttempts=16}, org.apache.hadoop.hbase.ipc.CallTimeoutException: Call to address=node11:16020 failed on local exception: org.apache.hadoop.hbase.ipc.CallTimeoutException: Call[id=76637,methodName=Get], waitTime=60006ms, rpcTimeout=60000ms
2025-06-20T13:41:54.355Z, RpcRetryingCaller{globalStartTime=2025-06-20T13:29:00.042Z, pause=100, maxAttempts=16}, org.apache.hadoop.hbase.ipc.CallTimeoutException: Call to address=node11:16020 failed on local exception: org.apache.hadoop.hbase.ipc.CallTimeoutException: Call[id=76655,methodName=Get], waitTime=60006ms, rpcTimeout=60000ms
2025-06-20T13:43:14.525Z, RpcRetryingCaller{globalStartTime=2025-06-20T13:29:00.042Z, pause=100, maxAttempts=16}, org.apache.hadoop.hbase.ipc.CallTimeoutException: Call to address=node11:16020 failed on local exception: org.apache.hadoop.hbase.ipc.CallTimeoutException: Call[id=76675,methodName=Get], waitTime=60002ms, rpcTimeout=60000ms
2025-06-20T13:44:34.545Z, RpcRetryingCaller{globalStartTime=2025-06-20T13:29:00.042Z, pause=100, maxAttempts=16}, org.apache.hadoop.hbase.ipc.CallTimeoutException: Call to address=node11:16020 failed on local exception: org.apache.hadoop.hbase.ipc.CallTimeoutException: Call[id=76695,methodName=Get], waitTime=60006ms, rpcTimeout=60000ms
2025-06-20T13:45:54.715Z, RpcRetryingCaller{globalStartTime=2025-06-20T13:29:00.042Z, pause=100, maxAttempts=16}, org.apache.hadoop.hbase.ipc.CallTimeoutException: Call to address=node11:16020 failed on local exception: org.apache.hadoop.hbase.ipc.CallTimeoutException: Call[id=76715,methodName=Get], waitTime=60008ms, rpcTimeout=60000ms
2025-06-20T13:47:14.744Z, RpcRetryingCaller{globalStartTime=2025-06-20T13:29:00.042Z, pause=100, maxAttempts=16}, org.apache.hadoop.hbase.ipc.CallTimeoutException: Call to address=node11:16020 failed on local exception: org.apache.hadoop.hbase.ipc.CallTimeoutException: Call[id=76735,methodName=Get], waitTime=60004ms, rpcTimeout=60000ms

	at org.apache.hadoop.hbase.client.RpcRetryingCallerImpl.callWithRetries(RpcRetryingCallerImpl.java:141)
	at org.apache.hadoop.hbase.client.HTable.get(HTable.java:390)
	at org.apache.hadoop.hbase.client.HTable.lambda$get$0(HTable.java:363)
	at org.apache.hadoop.hbase.trace.TraceUtil.trace(TraceUtil.java:216)
	at org.apache.hadoop.hbase.client.HTable.get(HTable.java:363)
	at org.apache.hadoop.hbase.client.HTable.lambda$get$1(HTable.java:409)
	at org.apache.hadoop.hbase.trace.TraceUtil.trace(TraceUtil.java:216)
	at org.apache.hadoop.hbase.client.HTable.get(HTable.java:407)
	at org.janusgraph.diskstorage.hbase.HBaseKeyColumnValueStore.getHelper(HBaseKeyColumnValueStore.java:198)
	... 30 more
Caused by: org.apache.hadoop.hbase.ipc.CallTimeoutException: Call to address=node11:16020 failed on local exception: org.apache.hadoop.hbase.ipc.CallTimeoutException: Call[id=76735,methodName=Get], waitTime=60004ms, rpcTimeout=60000ms
	at org.apache.hadoop.hbase.ipc.IPCUtil.wrapException(IPCUtil.java:222)
	at org.apache.hadoop.hbase.ipc.AbstractRpcClient.onCallFinished(AbstractRpcClient.java:392)
	at org.apache.hadoop.hbase.ipc.AbstractRpcClient.access$100(AbstractRpcClient.java:92)
	at org.apache.hadoop.hbase.ipc.AbstractRpcClient$3.run(AbstractRpcClient.java:426)
	at org.apache.hadoop.hbase.ipc.AbstractRpcClient$3.run(AbstractRpcClient.java:421)
	at org.apache.hadoop.hbase.ipc.Call.setTimeout(Call.java:107)
	at org.apache.hadoop.hbase.ipc.RpcConnection$1.run(RpcConnection.java:134)
	at org.apache.hbase.thirdparty.io.netty.util.HashedWheelTimer$HashedWheelTimeout.run(HashedWheelTimer.java:715)
	at org.apache.hbase.thirdparty.io.netty.util.concurrent.ImmediateExecutor.execute(ImmediateExecutor.java:34)
	at org.apache.hbase.thirdparty.io.netty.util.HashedWheelTimer$HashedWheelTimeout.expire(HashedWheelTimer.java:703)
	at org.apache.hbase.thirdparty.io.netty.util.HashedWheelTimer$HashedWheelBucket.expireTimeouts(HashedWheelTimer.java:790)
	at org.apache.hbase.thirdparty.io.netty.util.HashedWheelTimer$Worker.run(HashedWheelTimer.java:503)
	... 1 more
Caused by: org.apache.hadoop.hbase.ipc.CallTimeoutException: Call[id=76735,methodName=Get], waitTime=60004ms, rpcTimeout=60000ms
	at org.apache.hadoop.hbase.ipc.RpcConnection$1.run(RpcConnection.java:135)
	... 6 more
弱连通分量已写入文件: Tokenadd_deposit/ea9dccdbc05b7a3e38e891c5446591489737b15c.out
当前时间戳（秒）: 1750427235
Processing address: 7c0f77df0ad606eb41bec7eb7f3803e2568fcbd1
弱连通分量已写入文件: Tokenadd_deposit/7c0f77df0ad606eb41bec7eb7f3803e2568fcbd1.out
当前时间戳（秒）: 1750427235
Processing address: 8ef03f0d0f53a22af1ea15ed25b84cd55dc9b39d
弱连通分量已写入文件: Tokenadd_deposit/8ef03f0d0f53a22af1ea15ed25b84cd55dc9b39d.out
当前时间戳（秒）: 1750427235
Processing address: f963f99c8c2892e913fbd5334b5df24410ec387e
弱连通分量已写入文件: Tokenadd_deposit/f963f99c8c2892e913fbd5334b5df24410ec387e.out
当前时间戳（秒）: 1750427235
[WARNING] thread Thread[Idle-Rpc-Conn-Sweeper-pool-0,5,entity.deposit] was interrupted but is still alive after waiting at least 14997msecs
[WARNING] thread Thread[Idle-Rpc-Conn-Sweeper-pool-0,5,entity.deposit] will linger despite being asked to die via interruption
[WARNING] thread Thread[RPCClient-NioEventLoopGroup-1-1,5,entity.deposit] will linger despite being asked to die via interruption
[WARNING] thread Thread[RpcClient-timer-pool-0,5,entity.deposit] will linger despite being asked to die via interruption
[WARNING] thread Thread[RPCClient-NioEventLoopGroup-1-2,5,entity.deposit] will linger despite being asked to die via interruption
[WARNING] thread Thread[RPCClient-NioEventLoopGroup-1-3,5,entity.deposit] will linger despite being asked to die via interruption
[WARNING] thread Thread[RPCClient-NioEventLoopGroup-1-4,5,entity.deposit] will linger despite being asked to die via interruption
[WARNING] thread Thread[RPCClient-NioEventLoopGroup-1-5,5,entity.deposit] will linger despite being asked to die via interruption
[WARNING] thread Thread[RPCClient-NioEventLoopGroup-1-6,5,entity.deposit] will linger despite being asked to die via interruption
[WARNING] thread Thread[RPCClient-NioEventLoopGroup-1-7,5,entity.deposit] will linger despite being asked to die via interruption
[WARNING] thread Thread[RPCClient-NioEventLoopGroup-1-8,5,entity.deposit] will linger despite being asked to die via interruption
[WARNING] thread Thread[RPCClient-NioEventLoopGroup-1-9,5,entity.deposit] will linger despite being asked to die via interruption
[WARNING] thread Thread[RPCClient-NioEventLoopGroup-1-10,5,entity.deposit] will linger despite being asked to die via interruption
[WARNING] thread Thread[RPCClient-NioEventLoopGroup-1-11,5,entity.deposit] will linger despite being asked to die via interruption
[WARNING] thread Thread[RPCClient-NioEventLoopGroup-1-12,5,entity.deposit] will linger despite being asked to die via interruption
[WARNING] thread Thread[RPCClient-NioEventLoopGroup-1-13,5,entity.deposit] will linger despite being asked to die via interruption
[WARNING] thread Thread[RPCClient-NioEventLoopGroup-1-14,5,entity.deposit] will linger despite being asked to die via interruption
[WARNING] thread Thread[RPCClient-NioEventLoopGroup-1-15,5,entity.deposit] will linger despite being asked to die via interruption
[WARNING] thread Thread[RPCClient-NioEventLoopGroup-1-16,5,entity.deposit] will linger despite being asked to die via interruption
[WARNING] thread Thread[RPCClient-NioEventLoopGroup-1-17,5,entity.deposit] will linger despite being asked to die via interruption
[WARNING] thread Thread[RPCClient-NioEventLoopGroup-1-18,5,entity.deposit] will linger despite being asked to die via interruption
[WARNING] thread Thread[RPCClient-NioEventLoopGroup-1-19,5,entity.deposit] will linger despite being asked to die via interruption
[WARNING] thread Thread[RPCClient-NioEventLoopGroup-1-20,5,entity.deposit] will linger despite being asked to die via interruption
[WARNING] thread Thread[RPCClient-NioEventLoopGroup-1-21,5,entity.deposit] will linger despite being asked to die via interruption
[WARNING] thread Thread[RPCClient-NioEventLoopGroup-1-22,5,entity.deposit] will linger despite being asked to die via interruption
[WARNING] thread Thread[RPCClient-NioEventLoopGroup-1-23,5,entity.deposit] will linger despite being asked to die via interruption
[WARNING] thread Thread[RPCClient-NioEventLoopGroup-1-24,5,entity.deposit] will linger despite being asked to die via interruption
[WARNING] thread Thread[RPCClient-NioEventLoopGroup-1-25,5,entity.deposit] will linger despite being asked to die via interruption
[WARNING] thread Thread[RPCClient-NioEventLoopGroup-1-26,5,entity.deposit] will linger despite being asked to die via interruption
[WARNING] thread Thread[RPCClient-NioEventLoopGroup-1-27,5,entity.deposit] will linger despite being asked to die via interruption
[WARNING] thread Thread[RPCClient-NioEventLoopGroup-1-28,5,entity.deposit] will linger despite being asked to die via interruption
[WARNING] thread Thread[RPCClient-NioEventLoopGroup-1-29,5,entity.deposit] will linger despite being asked to die via interruption
[WARNING] thread Thread[RPCClient-NioEventLoopGroup-1-30,5,entity.deposit] will linger despite being asked to die via interruption
[WARNING] thread Thread[RPCClient-NioEventLoopGroup-1-31,5,entity.deposit] will linger despite being asked to die via interruption
[WARNING] thread Thread[RPCClient-NioEventLoopGroup-1-32,5,entity.deposit] will linger despite being asked to die via interruption
[WARNING] thread Thread[RPCClient-NioEventLoopGroup-1-33,5,entity.deposit] will linger despite being asked to die via interruption
[WARNING] thread Thread[RPCClient-NioEventLoopGroup-1-34,5,entity.deposit] will linger despite being asked to die via interruption
[WARNING] thread Thread[RPCClient-NioEventLoopGroup-1-35,5,entity.deposit] will linger despite being asked to die via interruption
[WARNING] thread Thread[RPCClient-NioEventLoopGroup-1-36,5,entity.deposit] will linger despite being asked to die via interruption
[WARNING] thread Thread[RPCClient-NioEventLoopGroup-1-37,5,entity.deposit] will linger despite being asked to die via interruption
[WARNING] thread Thread[RPCClient-NioEventLoopGroup-1-38,5,entity.deposit] will linger despite being asked to die via interruption
[WARNING] thread Thread[RPCClient-NioEventLoopGroup-1-39,5,entity.deposit] will linger despite being asked to die via interruption
[WARNING] thread Thread[RPCClient-NioEventLoopGroup-1-40,5,entity.deposit] will linger despite being asked to die via interruption
[WARNING] thread Thread[RPCClient-NioEventLoopGroup-1-41,5,entity.deposit] will linger despite being asked to die via interruption
[WARNING] thread Thread[RPCClient-NioEventLoopGroup-1-42,5,entity.deposit] will linger despite being asked to die via interruption
[WARNING] thread Thread[RPCClient-NioEventLoopGroup-1-43,5,entity.deposit] will linger despite being asked to die via interruption
[WARNING] thread Thread[RPCClient-NioEventLoopGroup-1-44,5,entity.deposit] will linger despite being asked to die via interruption
[WARNING] thread Thread[RPCClient-NioEventLoopGroup-1-45,5,entity.deposit] will linger despite being asked to die via interruption
[WARNING] thread Thread[RPCClient-NioEventLoopGroup-1-46,5,entity.deposit] will linger despite being asked to die via interruption
[WARNING] thread Thread[RPCClient-NioEventLoopGroup-1-47,5,entity.deposit] will linger despite being asked to die via interruption
[WARNING] thread Thread[RPCClient-NioEventLoopGroup-1-48,5,entity.deposit] will linger despite being asked to die via interruption
[WARNING] thread Thread[RPCClient-NioEventLoopGroup-1-49,5,entity.deposit] will linger despite being asked to die via interruption
[WARNING] thread Thread[RPCClient-NioEventLoopGroup-1-50,5,entity.deposit] will linger despite being asked to die via interruption
[WARNING] thread Thread[RPCClient-NioEventLoopGroup-1-51,5,entity.deposit] will linger despite being asked to die via interruption
[WARNING] thread Thread[RPCClient-NioEventLoopGroup-1-52,5,entity.deposit] will linger despite being asked to die via interruption
[WARNING] thread Thread[RPCClient-NioEventLoopGroup-1-53,5,entity.deposit] will linger despite being asked to die via interruption
[WARNING] thread Thread[RPCClient-NioEventLoopGroup-1-54,5,entity.deposit] will linger despite being asked to die via interruption
[WARNING] thread Thread[RPCClient-NioEventLoopGroup-1-55,5,entity.deposit] will linger despite being asked to die via interruption
[WARNING] thread Thread[RPCClient-NioEventLoopGroup-1-56,5,entity.deposit] will linger despite being asked to die via interruption
[WARNING] thread Thread[RPCClient-NioEventLoopGroup-1-57,5,entity.deposit] will linger despite being asked to die via interruption
[WARNING] thread Thread[RPCClient-NioEventLoopGroup-1-58,5,entity.deposit] will linger despite being asked to die via interruption
[WARNING] thread Thread[RPCClient-NioEventLoopGroup-1-59,5,entity.deposit] will linger despite being asked to die via interruption
[WARNING] thread Thread[RPCClient-NioEventLoopGroup-1-60,5,entity.deposit] will linger despite being asked to die via interruption
[WARNING] thread Thread[RPCClient-NioEventLoopGroup-1-61,5,entity.deposit] will linger despite being asked to die via interruption
[WARNING] thread Thread[RPCClient-NioEventLoopGroup-1-62,5,entity.deposit] will linger despite being asked to die via interruption
[WARNING] thread Thread[RPCClient-NioEventLoopGroup-1-63,5,entity.deposit] will linger despite being asked to die via interruption
[WARNING] thread Thread[RPCClient-NioEventLoopGroup-1-64,5,entity.deposit] will linger despite being asked to die via interruption
[WARNING] thread Thread[ForkJoinPool.commonPool-worker-15,5,entity.deposit] will linger despite being asked to die via interruption
[WARNING] thread Thread[ForkJoinPool.commonPool-worker-8,5,entity.deposit] will linger despite being asked to die via interruption
[WARNING] NOTE: 68 thread(s) did not finish despite being asked to via interruption. This is not a problem with exec:java, it is a problem with the running code. Although not serious, it should be remedied.
[WARNING] Couldn't destroy threadgroup org.codehaus.mojo.exec.ExecJavaMojo$IsolatedThreadGroup[name=entity.deposit,maxpri=10]
java.lang.IllegalThreadStateException
	at java.lang.ThreadGroup.destroy(ThreadGroup.java:778)
	at org.codehaus.mojo.exec.ExecJavaMojo.execute(ExecJavaMojo.java:319)
	at org.apache.maven.plugin.DefaultBuildPluginManager.executeMojo(DefaultBuildPluginManager.java:134)
	at org.apache.maven.lifecycle.internal.MojoExecutor.execute(MojoExecutor.java:207)
	at org.apache.maven.lifecycle.internal.MojoExecutor.execute(MojoExecutor.java:153)
	at org.apache.maven.lifecycle.internal.MojoExecutor.execute(MojoExecutor.java:145)
	at org.apache.maven.lifecycle.internal.LifecycleModuleBuilder.buildProject(LifecycleModuleBuilder.java:116)
	at org.apache.maven.lifecycle.internal.LifecycleModuleBuilder.buildProject(LifecycleModuleBuilder.java:80)
	at org.apache.maven.lifecycle.internal.builder.singlethreaded.SingleThreadedBuilder.build(SingleThreadedBuilder.java:51)
	at org.apache.maven.lifecycle.internal.LifecycleStarter.execute(LifecycleStarter.java:128)
	at org.apache.maven.DefaultMaven.doExecute(DefaultMaven.java:307)
	at org.apache.maven.DefaultMaven.doExecute(DefaultMaven.java:193)
	at org.apache.maven.DefaultMaven.execute(DefaultMaven.java:106)
	at org.apache.maven.cli.MavenCli.execute(MavenCli.java:863)
	at org.apache.maven.cli.MavenCli.doMain(MavenCli.java:288)
	at org.apache.maven.cli.MavenCli.main(MavenCli.java:199)
	at sun.reflect.NativeMethodAccessorImpl.invoke0(Native Method)
	at sun.reflect.NativeMethodAccessorImpl.invoke(NativeMethodAccessorImpl.java:62)
	at sun.reflect.DelegatingMethodAccessorImpl.invoke(DelegatingMethodAccessorImpl.java:43)
	at java.lang.reflect.Method.invoke(Method.java:498)
	at org.codehaus.plexus.classworlds.launcher.Launcher.launchEnhanced(Launcher.java:289)
	at org.codehaus.plexus.classworlds.launcher.Launcher.launch(Launcher.java:229)
	at org.codehaus.plexus.classworlds.launcher.Launcher.mainWithExitCode(Launcher.java:415)
	at org.codehaus.plexus.classworlds.launcher.Launcher.main(Launcher.java:356)
[INFO] ------------------------------------------------------------------------
[INFO] BUILD SUCCESS
[INFO] ------------------------------------------------------------------------
[INFO] Total time: 2 d 09:10 h
[INFO] Finished at: 2025-06-20T21:47:32+08:00
[INFO] Final Memory: 83M/8582M
[INFO] ------------------------------------------------------------------------
