[319488028784, 398131204184]
[329318416584, 398131204184]
[344064004296, 398131204184]
[363724804272, 398131204184]
[363724808368, 398131204184]
[393216008280, 398131204184]
[398131204184, 417792004152]
[398131204184, 417792004176]
[398131204184, 417792008256]
[398131204184, 422707220560]
[1361510490360, 398131204184]
[1371341209848, 398131204184]
[1386086809848, 398131204184]
[1391001911544, 398131204184]
[1391001915640, 398131204184]
[319488028784, 398131204184]
[329318416584, 398131204184]
[344064004296, 398131204184]
[363724804272, 398131204184]
[363724808368, 398131204184]
[393216008280, 398131204184]
[398131204184, 417792004152]
[398131204184, 417792004176]
[398131204184, 417792008256]
[398131204184, 422707220560]
[1361510490360, 398131204184]
[1371341209848, 398131204184]
[1386086809848, 398131204184]
[1391001911544, 398131204184]
[1391001915640, 398131204184]
[329318412488, 398131204184]
[388300808232, 398131204184]
[398131204184, 457113743400]
[398131204184, 471859380296]
[398131204184, 501350518896]
[1386086416512, 398131204184]
[1400832237816, 398131204184]
[1572865327352, 398131204184]
[1361510490360, 1391001911544, 1622016475264, 363724804272, 393216008280, 398131204184, 417792004152, 417792004176, 417792008256]
[319488028784, 398131204184]
[329318416584, 398131204184]
[344064004296, 398131204184]
[363724804272, 398131204184]
[363724808368, 398131204184]
[393216008280, 398131204184]
[398131204184, 417792004152]
[398131204184, 417792004176]
[398131204184, 417792008256]
[398131204184, 422707220560]
[1361510490360, 398131204184]
[1371341209848, 398131204184]
[1386086809848, 398131204184]
[1391001911544, 398131204184]
[1391001915640, 398131204184]
[329318412488, 398131204184]
[388300808232, 398131204184]
[398131204184, 457113743400]
[398131204184, 471859380296]
[398131204184, 501350518896]
[1386086416512, 398131204184]
[1400832237816, 398131204184]
[1572865327352, 398131204184]
[1361510490360, 1391001911544, 1622016475264, 363724804272, 393216008280, 398131204184, 417792004152, 417792004176, 417792008256]
[319488028784, 398131204184]
[329318416584, 398131204184]
[344064004296, 398131204184]
[363724804272, 398131204184]
[363724808368, 398131204184]
[393216008280, 398131204184]
[398131204184, 417792004152]
[398131204184, 417792004176]
[398131204184, 417792008256]
[398131204184, 422707220560]
[1361510490360, 398131204184]
[1371341209848, 398131204184]
[1386086809848, 398131204184]
[1391001911544, 398131204184]
[1391001915640, 398131204184]
[329318412488, 398131204184]
[388300808232, 398131204184]
[398131204184, 457113743400]
[398131204184, 471859380296]
[398131204184, 501350518896]
[1386086416512, 398131204184]
[1400832237816, 398131204184]
[1572865327352, 398131204184]
[1361510490360, 1391001911544, 1622016475264, 363724804272, 393216008280, 398131204184, 417792004152, 417792004176, 417792008256]
[319488028784, 398131204184]
[329318416584, 398131204184]
[344064004296, 398131204184]
[363724804272, 398131204184]
[363724808368, 398131204184]
[393216008280, 398131204184]
[398131204184, 417792004152]
[398131204184, 417792004176]
[398131204184, 417792008256]
[398131204184, 422707220560]
[1361510490360, 398131204184]
[1371341209848, 398131204184]
[1386086809848, 398131204184]
[1391001911544, 398131204184]
[1391001915640, 398131204184]
[329318412488, 398131204184]
[388300808232, 398131204184]
[398131204184, 457113743400]
[398131204184, 471859380296]
[398131204184, 501350518896]
[1386086416512, 398131204184]
[1400832237816, 398131204184]
[1572865327352, 398131204184]
[1361510490360, 1391001911544, 1622016475264, 363724804272, 393216008280, 398131204184, 417792004152, 417792004176, 417792008256]
[319488028784, 398131204184]
[329318416584, 398131204184]
[344064004296, 398131204184]
[363724804272, 398131204184]
[363724808368, 398131204184]
[393216008280, 398131204184]
[398131204184, 417792004152]
[398131204184, 417792004176]
[398131204184, 417792008256]
[398131204184, 422707220560]
[1361510490360, 398131204184]
[1371341209848, 398131204184]
[1386086809848, 398131204184]
[1391001911544, 398131204184]
[1391001915640, 398131204184]
[329318412488, 398131204184]
[388300808232, 398131204184]
[398131204184, 457113743400]
[398131204184, 471859380296]
[398131204184, 501350518896]
[1386086416512, 398131204184]
[1400832237816, 398131204184]
[1572865327352, 398131204184]
[1361510490360, 1391001911544, 1622016475264, 363724804272, 393216008280, 398131204184, 417792004152, 417792004176, 417792008256]
[319488028784, 398131204184]
[329318416584, 398131204184]
[344064004296, 398131204184]
[363724804272, 398131204184]
[363724808368, 398131204184]
[393216008280, 398131204184]
[398131204184, 417792004152]
[398131204184, 417792004176]
[398131204184, 417792008256]
[398131204184, 422707220560]
[1361510490360, 398131204184]
[1371341209848, 398131204184]
[1386086809848, 398131204184]
[1391001911544, 398131204184]
[1391001915640, 398131204184]
[329318412488, 398131204184]
[388300808232, 398131204184]
[398131204184, 457113743400]
[398131204184, 471859380296]
[398131204184, 501350518896]
[1386086416512, 398131204184]
[1400832237816, 398131204184]
[1572865327352, 398131204184]
